0 info it worked if it ends with ok
1 verbose cli [ 'C:\\Program Files\\nodejs\\node.exe',
1 verbose cli   'C:\\Program Files\\nodejs\\node_modules\\npm\\bin\\npm-cli.js',
1 verbose cli   'run',
1 verbose cli   'dev' ]
2 info using npm@3.10.10
3 info using node@v6.11.3
4 verbose run-script [ 'predev', 'dev', 'postdev' ]
5 info lifecycle find-hobby@1.0.0~predev: find-hobby@1.0.0
6 silly lifecycle find-hobby@1.0.0~predev: no script for predev, continuing
7 info lifecycle find-hobby@1.0.0~dev: find-hobby@1.0.0
8 verbose lifecycle find-hobby@1.0.0~dev: unsafe-perm in lifecycle true
9 verbose lifecycle find-hobby@1.0.0~dev: PATH: C:\Program Files\nodejs\node_modules\npm\bin\node-gyp-bin;C:\Projects\vuex-app\node_modules\.bin;C:\Users\vhudyma\bin;C:\Program Files\Git\mingw32\bin;C:\Program Files\Git\usr\local\bin;C:\Program Files\Git\usr\bin;C:\Program Files\Git\usr\bin;C:\Program Files\Git\mingw32\bin;C:\Program Files\Git\usr\bin;C:\Users\vhudyma\bin;C:\ProgramData\Oracle\Java\javapath;C:\Program Files\Broadcom\Broadcom 802.11 Network Adapter;C:\Windows\system32;C:\Windows;C:\Windows\System32\Wbem;C:\Windows\System32\WindowsPowerShell\v1.0;C:\Program Files\nodejs;C:\Program Files\Git\cmd;C:\Users\vhudyma\AppData\Roaming\npm;C:\Program Files\Git\usr\bin\vendor_perl;C:\Program Files\Git\usr\bin\core_perl
10 verbose lifecycle find-hobby@1.0.0~dev: CWD: C:\Projects\vuex-app
11 silly lifecycle find-hobby@1.0.0~dev: Args: [ '/d /s /c', 'webpack-dev-server' ]
12 silly lifecycle find-hobby@1.0.0~dev: Returned: code: 1  signal: null
13 info lifecycle find-hobby@1.0.0~dev: Failed to exec dev script
14 verbose stack Error: find-hobby@1.0.0 dev: `webpack-dev-server`
14 verbose stack Exit status 1
14 verbose stack     at EventEmitter.<anonymous> (C:\Program Files\nodejs\node_modules\npm\lib\utils\lifecycle.js:255:16)
14 verbose stack     at emitTwo (events.js:106:13)
14 verbose stack     at EventEmitter.emit (events.js:191:7)
14 verbose stack     at ChildProcess.<anonymous> (C:\Program Files\nodejs\node_modules\npm\lib\utils\spawn.js:40:14)
14 verbose stack     at emitTwo (events.js:106:13)
14 verbose stack     at ChildProcess.emit (events.js:191:7)
14 verbose stack     at maybeClose (internal/child_process.js:920:16)
14 verbose stack     at Process.ChildProcess._handle.onexit (internal/child_process.js:230:5)
15 verbose pkgid find-hobby@1.0.0
16 verbose cwd C:\Projects\vuex-app
17 error Windows_NT 6.1.7601
18 error argv "C:\\Program Files\\nodejs\\node.exe" "C:\\Program Files\\nodejs\\node_modules\\npm\\bin\\npm-cli.js" "run" "dev"
19 error node v6.11.3
20 error npm  v3.10.10
21 error code ELIFECYCLE
22 error find-hobby@1.0.0 dev: `webpack-dev-server`
22 error Exit status 1
23 error Failed at the find-hobby@1.0.0 dev script 'webpack-dev-server'.
23 error Make sure you have the latest version of node.js and npm installed.
23 error If you do, this is most likely a problem with the find-hobby package,
23 error not with npm itself.
23 error Tell the author that this fails on your system:
23 error     webpack-dev-server
23 error You can get information on how to open an issue for this project with:
23 error     npm bugs find-hobby
23 error Or if that isn't available, you can get their info via:
23 error     npm owner ls find-hobby
23 error There is likely additional logging output above.
24 verbose exit [ 1, true ]
